<?xml version="1.0" encoding="UTF-8"?>
<!-- Generated by org.testng.reporters.JUnitXMLReporter -->
<testsuite ignored="0" hostname="ATHULYA-HARIKRISHNAN" failures="1" tests="1" name="ContactTest" time="0.053" errors="0" timestamp="2025-03-14T12:03:22 IST">
  <testcase classname="testPackage.ContactTest" name="createContact" time="0.0">
    <failure type="org.testng.TestNGException" message="
Cannot inject @Test annotated Method [createContact] with [class java.lang.String, class java.lang.String, class java.lang.String, class java.lang.String, class java.lang.String, class java.lang.String, class java.lang.String, class java.lang.String].
For more information on native dependency injection please refer to https://testng.org/#_dependency_injection">
      <![CDATA[org.testng.TestNGException: 
Cannot inject @Test annotated Method [createContact] with [class java.lang.String, class java.lang.String, class java.lang.String, class java.lang.String, class java.lang.String, class java.lang.String, class java.lang.String, class java.lang.String].
For more information on native dependency injection please refer to https://testng.org/#_dependency_injection
at java.base/java.util.ArrayList.forEach(ArrayList.java:1596)
... Removed 26 stack frames]]>
    </failure>
  </testcase> <!-- createContact -->
</testsuite> <!-- ContactTest -->
