<?xml version="1.0" encoding="UTF-8"?>
<!-- Generated by org.testng.reporters.JUnitXMLReporter -->
<testsuite ignored="0" hostname="ATHULYA-HARIKRISHNAN" failures="1" tests="1" name="Test" time="0.074" errors="0" timestamp="2025-03-14T14:07:12 IST">
  <testcase classname="testPackage.ContactTest" name="createContact" time="0.0">
    <failure type="org.testng.TestNGException" message="
Method public void testPackage.ContactTest.createContact(java.lang.String,java.lang.String,java.lang.String,java.lang.String,java.lang.String,java.lang.String,java.lang.String,java.lang.String) requires a @DataProvider named : dataBaseContactDetails in class testPackage.contactsDataSupply">
      <![CDATA[org.testng.TestNGException: 
Method public void testPackage.ContactTest.createContact(java.lang.String,java.lang.String,java.lang.String,java.lang.String,java.lang.String,java.lang.String,java.lang.String,java.lang.String) requires a @DataProvider named : dataBaseContactDetails in class testPackage.contactsDataSupply
at java.base/java.util.ArrayList.forEach(ArrayList.java:1596)
... Removed 24 stack frames]]>
    </failure>
  </testcase> <!-- createContact -->
</testsuite> <!-- Test -->
