<?xml version="1.0" encoding="UTF-8"?>
<!-- Generated by org.testng.reporters.JUnitXMLReporter -->
<testsuite ignored="2" hostname="ATHULYA-HARIKRISHNAN" failures="0" tests="2" name="Default test" time="0.858" errors="0" timestamp="2025-03-14T14:14:17 IST">
  <testcase classname="testPackage.DataSupply" name="contactDetails" time="0.02"/>
  <testcase classname="testPackage.DataSupply" name="contactDetails" time="0.004"/>
  <testcase classname="testPackage.DataSupply" name="printData1" time="0.0">
    <ignored/>
  </testcase> <!-- printData1 -->
  <testcase classname="testPackage.DataSupply" name="printData" time="0.0">
    <ignored/>
  </testcase> <!-- printData -->
</testsuite> <!-- Default test -->
