<?xml version="1.0" encoding="UTF-8"?>
<!-- Generated by org.testng.reporters.JUnitXMLReporter -->
<testsuite ignored="7" hostname="ATHULYA-HARIKRISHNAN" failures="0" tests="0" time="0.02" errors="0" timestamp="2025-03-13T11:54:04 IST">
  <testcase classname="testPackage.AttributesTest" name="moveToContactsPage" time="0.0">
    <ignored/>
  </testcase> <!-- moveToContactsPage -->
  <testcase classname="testPackage.AttributesTest" name="moveToCalendarPage" time="0.0">
    <ignored/>
  </testcase> <!-- moveToCalendarPage -->
  <testcase classname="testPackage.OrganizationsTest" name="createOrganization" time="0.0">
    <ignored/>
  </testcase> <!-- createOrganization -->
  <testcase classname="testPackage.AttributesTest" name="moveToOrganizationsPage" time="0.0">
    <ignored/>
  </testcase> <!-- moveToOrganizationsPage -->
  <testcase classname="testPackage.VerificationClass" name="verify" time="0.0">
    <ignored/>
  </testcase> <!-- verify -->
  <testcase classname="testPackage.AttributesTest" name="moveToLeadsPage" time="0.0">
    <ignored/>
  </testcase> <!-- moveToLeadsPage -->
  <testcase classname="testPackage.ContactTest" name="createContact" time="0.0">
    <ignored/>
  </testcase> <!-- createContact -->
</testsuite>
